<?xml version="1.0" encoding="UTF-8" ?>
<testsuite tests="6" failures="0" name="ut.Timezoneut" time="0.123" errors="0" skipped="0">
  <properties>
[...]
</properties>
  <testcase classname="ut.Timezoneut" name="testAus" time="0.123"/>
  <testcase classname="ut.Timezoneut" name="testIndia" time="0"/>
  <testcase classname="ut.Timezoneut" name="testEast" time="0"/>
  <testcase classname="ut.Timezoneut" name="testWest" time="0"/>
  <testcase classname="ut.Timezoneut" name="testCentral" time="0"/>
  <testcase classname="ut.Timezoneut" name="testEurope" time="0"/>
</testsuite>